mode: set
github.com/sullivtr/terraform-provider-graphql/graphql/data_source_graphql_query.go:9.43,33.2 1 1
github.com/sullivtr/terraform-provider-graphql/graphql/data_source_graphql_query.go:35.74,37.16 2 1
github.com/sullivtr/terraform-provider-graphql/graphql/data_source_graphql_query.go:40.2,42.76 3 1
github.com/sullivtr/terraform-provider-graphql/graphql/data_source_graphql_query.go:45.2,45.12 1 1
github.com/sullivtr/terraform-provider-graphql/graphql/data_source_graphql_query.go:37.16,39.3 1 0
github.com/sullivtr/terraform-provider-graphql/graphql/data_source_graphql_query.go:42.76,44.3 1 0
github.com/sullivtr/terraform-provider-graphql/graphql/provider.go:8.44,34.2 1 1
github.com/sullivtr/terraform-provider-graphql/graphql/provider.go:36.68,42.2 2 1
github.com/sullivtr/terraform-provider-graphql/graphql/query_executor.go:12.110,25.75 7 1
github.com/sullivtr/terraform-provider-graphql/graphql/query_executor.go:29.2,30.16 2 1
github.com/sullivtr/terraform-provider-graphql/graphql/query_executor.go:34.2,34.34 1 1
github.com/sullivtr/terraform-provider-graphql/graphql/query_executor.go:37.2,42.16 5 1
github.com/sullivtr/terraform-provider-graphql/graphql/query_executor.go:45.2,49.18 3 1
github.com/sullivtr/terraform-provider-graphql/graphql/query_executor.go:25.75,27.3 1 0
github.com/sullivtr/terraform-provider-graphql/graphql/query_executor.go:30.16,32.3 1 0
github.com/sullivtr/terraform-provider-graphql/graphql/query_executor.go:34.34,36.3 1 0
github.com/sullivtr/terraform-provider-graphql/graphql/query_executor.go:42.16,44.3 1 0
github.com/sullivtr/terraform-provider-graphql/graphql/resource_graphql_query.go:11.49,93.2 1 1
github.com/sullivtr/terraform-provider-graphql/graphql/resource_graphql_query.go:95.87,101.30 5 1
github.com/sullivtr/terraform-provider-graphql/graphql/resource_graphql_query.go:133.2,136.34 3 1
github.com/sullivtr/terraform-provider-graphql/graphql/resource_graphql_query.go:101.30,103.17 2 1
github.com/sullivtr/terraform-provider-graphql/graphql/resource_graphql_query.go:107.3,108.74 2 1
github.com/sullivtr/terraform-provider-graphql/graphql/resource_graphql_query.go:112.3,113.24 2 1
github.com/sullivtr/terraform-provider-graphql/graphql/resource_graphql_query.go:103.17,105.4 1 0
github.com/sullivtr/terraform-provider-graphql/graphql/resource_graphql_query.go:108.74,110.4 1 0
github.com/sullivtr/terraform-provider-graphql/graphql/resource_graphql_query.go:113.24,115.4 1 1
github.com/sullivtr/terraform-provider-graphql/graphql/resource_graphql_query.go:117.8,120.39 2 1
github.com/sullivtr/terraform-provider-graphql/graphql/resource_graphql_query.go:124.3,124.89 1 1
github.com/sullivtr/terraform-provider-graphql/graphql/resource_graphql_query.go:128.3,129.17 2 1
github.com/sullivtr/terraform-provider-graphql/graphql/resource_graphql_query.go:120.39,122.4 1 1
github.com/sullivtr/terraform-provider-graphql/graphql/resource_graphql_query.go:124.89,126.4 1 0
github.com/sullivtr/terraform-provider-graphql/graphql/resource_graphql_query.go:129.17,131.4 1 0
github.com/sullivtr/terraform-provider-graphql/graphql/resource_graphql_query.go:139.71,141.16 2 1
github.com/sullivtr/terraform-provider-graphql/graphql/resource_graphql_query.go:144.2,144.76 1 1
github.com/sullivtr/terraform-provider-graphql/graphql/resource_graphql_query.go:148.2,149.24 2 1
github.com/sullivtr/terraform-provider-graphql/graphql/resource_graphql_query.go:153.2,153.12 1 1
github.com/sullivtr/terraform-provider-graphql/graphql/resource_graphql_query.go:141.16,143.3 1 0
github.com/sullivtr/terraform-provider-graphql/graphql/resource_graphql_query.go:144.76,146.3 1 0
github.com/sullivtr/terraform-provider-graphql/graphql/resource_graphql_query.go:149.24,151.3 1 1
github.com/sullivtr/terraform-provider-graphql/graphql/resource_graphql_query.go:156.81,158.16 2 1
github.com/sullivtr/terraform-provider-graphql/graphql/resource_graphql_query.go:161.2,161.12 1 1
github.com/sullivtr/terraform-provider-graphql/graphql/resource_graphql_query.go:158.16,160.3 1 0
github.com/sullivtr/terraform-provider-graphql/graphql/resource_graphql_query.go:164.88,171.16 6 1
github.com/sullivtr/terraform-provider-graphql/graphql/resource_graphql_query.go:176.2,177.16 2 1
github.com/sullivtr/terraform-provider-graphql/graphql/resource_graphql_query.go:201.2,201.12 1 1
github.com/sullivtr/terraform-provider-graphql/graphql/resource_graphql_query.go:171.16,173.3 1 0
github.com/sullivtr/terraform-provider-graphql/graphql/resource_graphql_query.go:177.16,179.3 1 0
github.com/sullivtr/terraform-provider-graphql/graphql/resource_graphql_query.go:179.8,182.45 2 1
github.com/sullivtr/terraform-provider-graphql/graphql/resource_graphql_query.go:185.3,185.26 1 1
github.com/sullivtr/terraform-provider-graphql/graphql/resource_graphql_query.go:188.3,188.76 1 1
github.com/sullivtr/terraform-provider-graphql/graphql/resource_graphql_query.go:193.3,193.39 1 1
github.com/sullivtr/terraform-provider-graphql/graphql/resource_graphql_query.go:196.3,196.76 1 1
github.com/sullivtr/terraform-provider-graphql/graphql/resource_graphql_query.go:182.45,184.4 1 1
github.com/sullivtr/terraform-provider-graphql/graphql/resource_graphql_query.go:185.26,187.4 1 1
github.com/sullivtr/terraform-provider-graphql/graphql/resource_graphql_query.go:188.76,190.4 1 0
github.com/sullivtr/terraform-provider-graphql/graphql/resource_graphql_query.go:193.39,195.4 1 1
github.com/sullivtr/terraform-provider-graphql/graphql/resource_graphql_query.go:196.76,198.4 1 0
github.com/sullivtr/terraform-provider-graphql/graphql/util.go:11.48,14.19 3 1
github.com/sullivtr/terraform-provider-graphql/graphql/util.go:19.2,19.14 1 1
github.com/sullivtr/terraform-provider-graphql/graphql/util.go:14.19,18.3 3 1
github.com/sullivtr/terraform-provider-graphql/graphql/util.go:22.132,24.28 2 1
github.com/sullivtr/terraform-provider-graphql/graphql/util.go:32.2,32.18 1 1
github.com/sullivtr/terraform-provider-graphql/graphql/util.go:24.28,27.17 3 1
github.com/sullivtr/terraform-provider-graphql/graphql/util.go:30.3,30.25 1 1
github.com/sullivtr/terraform-provider-graphql/graphql/util.go:27.17,29.4 1 0
github.com/sullivtr/terraform-provider-graphql/graphql/util.go:35.90,38.18 2 1
github.com/sullivtr/terraform-provider-graphql/graphql/util.go:41.2,41.29 1 1
github.com/sullivtr/terraform-provider-graphql/graphql/util.go:38.18,40.3 1 0
github.com/sullivtr/terraform-provider-graphql/graphql/util.go:41.29,43.3 1 0
github.com/sullivtr/terraform-provider-graphql/graphql/util.go:43.8,43.25 1 1
github.com/sullivtr/terraform-provider-graphql/graphql/util.go:43.25,45.3 1 1
github.com/sullivtr/terraform-provider-graphql/graphql/util.go:45.8,45.54 1 1
github.com/sullivtr/terraform-provider-graphql/graphql/util.go:45.54,47.3 1 0
github.com/sullivtr/terraform-provider-graphql/graphql/util.go:47.8,49.3 1 1
github.com/sullivtr/terraform-provider-graphql/graphql/util.go:52.31,56.16 4 1
github.com/sullivtr/terraform-provider-graphql/graphql/util.go:59.2,59.37 1 1
github.com/sullivtr/terraform-provider-graphql/graphql/util.go:56.16,57.13 1 0
